Using pre-set license
Built from '2021.3/staging' branch; Version is '2021.3.10f1 (1c7d0df0160b) revision 1867021'; Using compiler version '192829333'; Build Type 'Release'
OS: 'Windows 10  (10.0.19044) 64bit Education' Language: 'ko' Physical Memory: 16297 MB
BatchMode: 1, IsHumanControllingUs: 0, StartBugReporterOnCrash: 0, Is64bit: 1, IsPro: 1

COMMAND LINE ARGUMENTS:
C:\Program Files\Unity\Hub\Editor\2021.3.10f1\Editor\Unity.exe
-adb2
-batchMode
-noUpm
-name
AssetImportWorker0
-projectPath
C:/Users/Administrator/Documents/Unitybbk/PhotonServer/Photon Server At Home
-logFile
Logs/AssetImportWorker0.log
-srvPort
55515
Successfully changed project path to: C:/Users/Administrator/Documents/Unitybbk/PhotonServer/Photon Server At Home
C:/Users/Administrator/Documents/Unitybbk/PhotonServer/Photon Server At Home
[UnityMemory] Configuration Parameters - Can be set up in boot.config
    "memorysetup-bucket-allocator-granularity=16"
    "memorysetup-bucket-allocator-bucket-count=8"
    "memorysetup-bucket-allocator-block-size=33554432"
    "memorysetup-bucket-allocator-block-count=8"
    "memorysetup-main-allocator-block-size=16777216"
    "memorysetup-thread-allocator-block-size=16777216"
    "memorysetup-gfx-main-allocator-block-size=16777216"
    "memorysetup-gfx-thread-allocator-block-size=16777216"
    "memorysetup-cache-allocator-block-size=4194304"
    "memorysetup-typetree-allocator-block-size=2097152"
    "memorysetup-profiler-bucket-allocator-granularity=16"
    "memorysetup-profiler-bucket-allocator-bucket-count=8"
    "memorysetup-profiler-bucket-allocator-block-size=33554432"
    "memorysetup-profiler-bucket-allocator-block-count=8"
    "memorysetup-profiler-allocator-block-size=16777216"
    "memorysetup-profiler-editor-allocator-block-size=1048576"
    "memorysetup-temp-allocator-size-main=16777216"
    "memorysetup-job-temp-allocator-block-size=2097152"
    "memorysetup-job-temp-allocator-block-size-background=1048576"
    "memorysetup-job-temp-allocator-reduction-small-platforms=262144"
    "memorysetup-temp-allocator-size-background-worker=32768"
    "memorysetup-temp-allocator-size-job-worker=262144"
    "memorysetup-temp-allocator-size-preload-manager=33554432"
    "memorysetup-temp-allocator-size-nav-mesh-worker=65536"
    "memorysetup-temp-allocator-size-audio-worker=65536"
    "memorysetup-temp-allocator-size-cloud-worker=32768"
    "memorysetup-temp-allocator-size-gi-baking-worker=262144"
    "memorysetup-temp-allocator-size-gfx=262144"
Refreshing native plugins compatible for Editor in 28.61 ms, found 2 plugins.
Preloading 0 native plugins for Editor in 0.00 ms.
Initialize engine version: 2021.3.10f1 (1c7d0df0160b)
[Subsystems] Discovering subsystems at path C:/Program Files/Unity/Hub/Editor/2021.3.10f1/Editor/Data/Resources/UnitySubsystems
[Subsystems] Discovering subsystems at path C:/Users/Administrator/Documents/Unitybbk/PhotonServer/Photon Server At Home/Assets
GfxDevice: creating device client; threaded=0; jobified=0
Direct3D:
    Version:  Direct3D 11.0 [level 11.1]
    Renderer: NVIDIA GeForce GTX 1660 (ID=0x2184)
    Vendor:   NVIDIA
    VRAM:     5992 MB
    Driver:   31.0.15.1694
Initialize mono
Mono path[0] = 'C:/Program Files/Unity/Hub/Editor/2021.3.10f1/Editor/Data/Managed'
Mono path[1] = 'C:/Program Files/Unity/Hub/Editor/2021.3.10f1/Editor/Data/MonoBleedingEdge/lib/mono/unityjit-win32'
Mono config path = 'C:/Program Files/Unity/Hub/Editor/2021.3.10f1/Editor/Data/MonoBleedingEdge/etc'
Using monoOptions --debugger-agent=transport=dt_socket,embedding=1,server=y,suspend=n,address=127.0.0.1:56592
Begin MonoManager ReloadAssembly
Registering precompiled unity dll's ...
Register platform support module: C:/Program Files/Unity/Hub/Editor/2021.3.10f1/Editor/Data/PlaybackEngines/WindowsStandaloneSupport/UnityEditor.WindowsStandalone.Extensions.dll
Registered in 0.004636 seconds.
Native extension for WindowsStandalone target not found
Refreshing native plugins compatible for Editor in 26.16 ms, found 2 plugins.
Preloading 0 native plugins for Editor in 0.00 ms.
Mono: successfully reloaded assembly
- Completed reload, in  0.477 seconds
Domain Reload Profiling:
	ReloadAssembly (477ms)
		BeginReloadAssembly (59ms)
			ExecutionOrderSort (0ms)
			DisableScriptedObjects (0ms)
			BackupInstance (0ms)
			ReleaseScriptingObjects (0ms)
			CreateAndSetChildDomain (1ms)
		EndReloadAssembly (329ms)
			LoadAssemblies (58ms)
			RebuildTransferFunctionScriptingTraits (0ms)
			SetupTypeCache (87ms)
			ReleaseScriptCaches (0ms)
			RebuildScriptCaches (25ms)
			SetupLoadedEditorAssemblies (176ms)
				LogAssemblyErrors (0ms)
				InitializePlatformSupportModulesInManaged (7ms)
				SetLoadedEditorAssemblies (0ms)
				RefreshPlugins (26ms)
				BeforeProcessingInitializeOnLoad (1ms)
				ProcessInitializeOnLoadAttributes (104ms)
				ProcessInitializeOnLoadMethodAttributes (38ms)
				AfterProcessingInitializeOnLoad (0ms)
				EditorAssembliesLoaded (0ms)
			ExecutionOrderSort2 (0ms)
			AwakeInstancesAfterBackupRestoration (0ms)
Platform modules already initialized, skipping
Registering precompiled user dll's ...
Registered in 0.004994 seconds.
Begin MonoManager ReloadAssembly
Native extension for WindowsStandalone target not found
Refreshing native plugins compatible for Editor in 0.44 ms, found 2 plugins.
Preloading 0 native plugins for Editor in 0.00 ms.
Mono: successfully reloaded assembly
- Completed reload, in  0.919 seconds
Domain Reload Profiling:
	ReloadAssembly (920ms)
		BeginReloadAssembly (90ms)
			ExecutionOrderSort (0ms)
			DisableScriptedObjects (5ms)
			BackupInstance (0ms)
			ReleaseScriptingObjects (0ms)
			CreateAndSetChildDomain (16ms)
		EndReloadAssembly (727ms)
			LoadAssemblies (60ms)
			RebuildTransferFunctionScriptingTraits (0ms)
			SetupTypeCache (184ms)
			ReleaseScriptCaches (1ms)
			RebuildScriptCaches (44ms)
			SetupLoadedEditorAssemblies (405ms)
				LogAssemblyErrors (0ms)
				InitializePlatformSupportModulesInManaged (5ms)
				SetLoadedEditorAssemblies (0ms)
				RefreshPlugins (0ms)
				BeforeProcessingInitializeOnLoad (52ms)
				ProcessInitializeOnLoadAttributes (310ms)
				ProcessInitializeOnLoadMethodAttributes (31ms)
				AfterProcessingInitializeOnLoad (5ms)
				EditorAssembliesLoaded (0ms)
			ExecutionOrderSort2 (0ms)
			AwakeInstancesAfterBackupRestoration (4ms)
Platform modules already initialized, skipping
========================================================================
Worker process is ready to serve import requests
Launched and connected shader compiler UnityShaderCompiler.exe after 0.03 seconds
Refreshing native plugins compatible for Editor in 0.43 ms, found 2 plugins.
Preloading 0 native plugins for Editor in 0.00 ms.
Unloading 2037 Unused Serialized files (Serialized files now loaded: 0)
Unloading 32 unused Assets / (48.4 KB). Loaded Objects now: 2495.
Memory consumption went from 87.3 MB to 87.2 MB.
Total: 2.667800 ms (FindLiveObjects: 0.160400 ms CreateObjectMapping: 0.073500 ms MarkObjects: 2.373500 ms  DeleteObjects: 0.059600 ms)

AssetImportParameters requested are different than current active one (requested -> active):
  custom:video-decoder-ogg-theora: a1e56fd34408186e4bbccfd4996cb3dc -> 
  custom:container-muxer-webm: aa71ff27fc2769a1b78a27578f13a17b -> 
  custom:container-demuxer-webm: 4f35f7cbe854078d1ac9338744f61a02 -> 
  custom:video-encoder-webm-vp8: eb34c28f22e8b96e1ab97ce403110664 -> 
  custom:audio-encoder-webm-vorbis: bf7c407c2cedff20999df2af8eb42d56 -> 
  custom:framework-win-MediaFoundation: 216162199b28c13a410421893ffa2e32 -> 
  custom:container-demuxer-ogg: 62fdf1f143b41e24485cea50d1cbac27 -> 
  custom:video-decoder-webm-vp8: 9c59270c3fd7afecdb556c50c9e8de78 -> 
  custom:audio-decoder-ogg-vorbis: bf7c407c2cedff20999df2af8eb42d56 -> 
========================================================================
Received Import Request.
  Time since last request: 488.023663 seconds.
  path: Assets/Texture/Arissa_DIFF_diffuse.png
  artifactKey: Guid(5824a6c06943f044ba2b8ef88bded6ff) Importer(815301076,1909f56bfc062723c751e8b465ee728b)
Start importing Assets/Texture/Arissa_DIFF_diffuse.png using Guid(5824a6c06943f044ba2b8ef88bded6ff) Importer(815301076,1909f56bfc062723c751e8b465ee728b)  -> (artifact id: 'e4b5a5bb68493b5d620c3e6815a5fc04') in 0.059205 seconds 
========================================================================
Received Import Request.
  Time since last request: 0.000018 seconds.
  path: Assets/Texture/Arissa_SPEC_specular.png
  artifactKey: Guid(6104b7f76f219cc4cb661087653c2676) Importer(815301076,1909f56bfc062723c751e8b465ee728b)
Start importing Assets/Texture/Arissa_SPEC_specular.png using Guid(6104b7f76f219cc4cb661087653c2676) Importer(815301076,1909f56bfc062723c751e8b465ee728b)  -> (artifact id: '9eac4f2c6f2cc234afee5e97bc6a7107') in 0.012322 seconds 
========================================================================
Received Import Request.
  Time since last request: 0.669006 seconds.
  path: Assets/Texture
  artifactKey: Guid(38b6f90795edc4d4bb926cf4736a98d2) Importer(815301076,1909f56bfc062723c751e8b465ee728b)
Start importing Assets/Texture using Guid(38b6f90795edc4d4bb926cf4736a98d2) Importer(815301076,1909f56bfc062723c751e8b465ee728b)  -> (artifact id: '1e08e0ab92c07237a50c8bcdbf1f58cc') in 0.004361 seconds 
========================================================================
Received Import Request.
  Time since last request: 11.706637 seconds.
  path: Assets/Texture/Game Texture
  artifactKey: Guid(ad178b4523bc15948a2ad9cbd63bb6f8) Importer(815301076,1909f56bfc062723c751e8b465ee728b)
Start importing Assets/Texture/Game Texture using Guid(ad178b4523bc15948a2ad9cbd63bb6f8) Importer(815301076,1909f56bfc062723c751e8b465ee728b)  -> (artifact id: '487ad2dee57ecf35a673aefc660357d7') in 0.004428 seconds 
========================================================================
Received Import Request.
  Time since last request: 12.072694 seconds.
  path: Assets/Texture/Game Texture/Bee.png
  artifactKey: Guid(e3c524b988e80df448205dcf83749017) Importer(815301076,1909f56bfc062723c751e8b465ee728b)
Start importing Assets/Texture/Game Texture/Bee.png using Guid(e3c524b988e80df448205dcf83749017) Importer(815301076,1909f56bfc062723c751e8b465ee728b)  -> (artifact id: 'bc683a262920fbdb855c7c105dba8fee') in 0.010826 seconds 
========================================================================
Received Import Request.
  Time since last request: 4.584855 seconds.
  path: Assets/Model/Arissa.fbx
  artifactKey: Guid(b76cb99b0a7fc3c4690a9387db852ecd) Importer(815301076,1909f56bfc062723c751e8b465ee728b)
Start importing Assets/Model/Arissa.fbx using Guid(b76cb99b0a7fc3c4690a9387db852ecd) Importer(815301076,1909f56bfc062723c751e8b465ee728b)  -> (artifact id: '855d0d4df84046bf38b8fd06f2058c72') in 0.135578 seconds 
========================================================================
Received Import Request.
  Time since last request: 18.647302 seconds.
  path: Assets/Model/Bee.FBX
  artifactKey: Guid(8ec0f5388a603df4c8bed72ccce5bb7f) Importer(815301076,1909f56bfc062723c751e8b465ee728b)
Start importing Assets/Model/Bee.FBX using Guid(8ec0f5388a603df4c8bed72ccce5bb7f) Importer(815301076,1909f56bfc062723c751e8b465ee728b)  -> (artifact id: '14fe81dd50b20e3b3b06d9ba2c8d2cba') in 0.026916 seconds 
========================================================================
Received Import Request.
  Time since last request: 25.065372 seconds.
  path: Assets/Texture/Game Texture/Skybox.png
  artifactKey: Guid(7a6c1324e27221042887b8a7a8ed8b0c) Importer(815301076,1909f56bfc062723c751e8b465ee728b)
Start importing Assets/Texture/Game Texture/Skybox.png using Guid(7a6c1324e27221042887b8a7a8ed8b0c) Importer(815301076,1909f56bfc062723c751e8b465ee728b)  -> (artifact id: 'b5997bb58e97f030f4251133b8be35e5') in 0.010488 seconds 
========================================================================
Received Import Request.
  Time since last request: 33.834024 seconds.
  path: Assets/Scenes
  artifactKey: Guid(3ce096ed39bfaf0429a412f3bcba26ff) Importer(815301076,1909f56bfc062723c751e8b465ee728b)
Start importing Assets/Scenes using Guid(3ce096ed39bfaf0429a412f3bcba26ff) Importer(815301076,1909f56bfc062723c751e8b465ee728b)  -> (artifact id: '9cf1efd8d64e110ddc06f26e34d60c45') in 0.004521 seconds 
========================================================================
Received Import Request.
  Time since last request: 8.277409 seconds.
  path: Assets/Scenes/Photon Game.unity
  artifactKey: Guid(335483dfb0d1fb648a66dc07270891b3) Importer(815301076,1909f56bfc062723c751e8b465ee728b)
Start importing Assets/Scenes/Photon Game.unity using Guid(335483dfb0d1fb648a66dc07270891b3) Importer(815301076,1909f56bfc062723c751e8b465ee728b)  -> (artifact id: 'd27da496ed8016d985af063849ba6fc0') in 0.004803 seconds 
========================================================================
Received Import Request.
  Time since last request: 46.609415 seconds.
  path: Assets/Script
  artifactKey: Guid(75e25d01c2aacf64b8eb8f8fd2a8af11) Importer(815301076,1909f56bfc062723c751e8b465ee728b)
Start importing Assets/Script using Guid(75e25d01c2aacf64b8eb8f8fd2a8af11) Importer(815301076,1909f56bfc062723c751e8b465ee728b)  -> (artifact id: 'a73b18bb2e41206a157a4e5d0d0bbf0b') in 0.004743 seconds 
========================================================================
Received Import Request.
  Time since last request: 19.196588 seconds.
  path: Assets/Script/CharacterSystem.cs
  artifactKey: Guid(08f54d3844bfb1c468cdceea0e906ba0) Importer(815301076,1909f56bfc062723c751e8b465ee728b)
Start importing Assets/Script/CharacterSystem.cs using Guid(08f54d3844bfb1c468cdceea0e906ba0) Importer(815301076,1909f56bfc062723c751e8b465ee728b)  -> (artifact id: '902088f1f87af2fc8c581d6887e981c0') in 0.006257 seconds 
========================================================================
Received Prepare
Registering precompiled user dll's ...
Registered in 0.005092 seconds.
Begin MonoManager ReloadAssembly
Native extension for WindowsStandalone target not found
Refreshing native plugins compatible for Editor in 0.37 ms, found 2 plugins.
Preloading 0 native plugins for Editor in 0.00 ms.
Mono: successfully reloaded assembly
- Completed reload, in  0.899 seconds
Domain Reload Profiling:
	ReloadAssembly (900ms)
		BeginReloadAssembly (120ms)
			ExecutionOrderSort (0ms)
			DisableScriptedObjects (4ms)
			BackupInstance (0ms)
			ReleaseScriptingObjects (0ms)
			CreateAndSetChildDomain (38ms)
		EndReloadAssembly (694ms)
			LoadAssemblies (67ms)
			RebuildTransferFunctionScriptingTraits (0ms)
			SetupTypeCache (194ms)
			ReleaseScriptCaches (1ms)
			RebuildScriptCaches (36ms)
			SetupLoadedEditorAssemblies (365ms)
				LogAssemblyErrors (0ms)
				InitializePlatformSupportModulesInManaged (12ms)
				SetLoadedEditorAssemblies (0ms)
				RefreshPlugins (0ms)
				BeforeProcessingInitializeOnLoad (45ms)
				ProcessInitializeOnLoadAttributes (277ms)
				ProcessInitializeOnLoadMethodAttributes (25ms)
				AfterProcessingInitializeOnLoad (6ms)
				EditorAssembliesLoaded (0ms)
			ExecutionOrderSort2 (0ms)
			AwakeInstancesAfterBackupRestoration (6ms)
Platform modules already initialized, skipping
Refreshing native plugins compatible for Editor in 1.42 ms, found 2 plugins.
Preloading 0 native plugins for Editor in 0.00 ms.
Unloading 2029 Unused Serialized files (Serialized files now loaded: 0)
Unloading 23 unused Assets / (24.7 KB). Loaded Objects now: 2548.
Memory consumption went from 103.9 MB to 103.8 MB.
Total: 2.118100 ms (FindLiveObjects: 0.153900 ms CreateObjectMapping: 0.064200 ms MarkObjects: 1.881300 ms  DeleteObjects: 0.017900 ms)

AssetImportParameters requested are different than current active one (requested -> active):
  custom:video-decoder-ogg-theora: a1e56fd34408186e4bbccfd4996cb3dc -> 
  custom:container-muxer-webm: aa71ff27fc2769a1b78a27578f13a17b -> 
  custom:container-demuxer-webm: 4f35f7cbe854078d1ac9338744f61a02 -> 
  custom:video-encoder-webm-vp8: eb34c28f22e8b96e1ab97ce403110664 -> 
  custom:audio-encoder-webm-vorbis: bf7c407c2cedff20999df2af8eb42d56 -> 
  custom:framework-win-MediaFoundation: 216162199b28c13a410421893ffa2e32 -> 
  custom:container-demuxer-ogg: 62fdf1f143b41e24485cea50d1cbac27 -> 
  custom:video-decoder-webm-vp8: 9c59270c3fd7afecdb556c50c9e8de78 -> 
  custom:audio-decoder-ogg-vorbis: bf7c407c2cedff20999df2af8eb42d56 -> 
========================================================================
Received Import Request.
  Time since last request: 340.462488 seconds.
  path: Assets/Resources/Notification Window.prefab
  artifactKey: Guid(9158c08e54c91974ca6a2ba21163f57a) Importer(815301076,1909f56bfc062723c751e8b465ee728b)
Start importing Assets/Resources/Notification Window.prefab using Guid(9158c08e54c91974ca6a2ba21163f57a) Importer(815301076,1909f56bfc062723c751e8b465ee728b)  -> (artifact id: 'dc49ee37f437447c1a875f96897a2ef1') in 0.045790 seconds 
========================================================================
Received Import Request.
  Time since last request: 12.976868 seconds.
  path: Assets/Resources/Arissa.prefab
  artifactKey: Guid(99b7e741aae24ed47a4b41869e0f8386) Importer(815301076,1909f56bfc062723c751e8b465ee728b)
Start importing Assets/Resources/Arissa.prefab using Guid(99b7e741aae24ed47a4b41869e0f8386) Importer(815301076,1909f56bfc062723c751e8b465ee728b)  -> (artifact id: '00000000000000000000000000000000') in 0.054604 seconds  code(4) message(Build asset version error: assets/resources/arissa.prefab in SourceAssetDB has modification time of '2023-02-21T11:17:26.3934753Z' while content on disk has modification time of '2023-02-21T11:17:26.5979642Z')
  ERROR: Build asset version error: assets/resources/arissa.prefab in SourceAssetDB has modification time of '2023-02-21T11:17:26.3934753Z' while content on disk has modification time of '2023-02-21T11:17:26.5979642Z'
========================================================================
Received Import Request.
  Time since last request: 0.069594 seconds.
  path: Assets/Resources/Arissa.prefab
  artifactKey: Guid(99b7e741aae24ed47a4b41869e0f8386) Importer(815301076,1909f56bfc062723c751e8b465ee728b)
Start importing Assets/Resources/Arissa.prefab using Guid(99b7e741aae24ed47a4b41869e0f8386) Importer(815301076,1909f56bfc062723c751e8b465ee728b)  -> (artifact id: 'b41a924b86b5af0a0c7cf55d8bffe4e9') in 0.015926 seconds 
========================================================================
Received Import Request.
  Time since last request: 108.565136 seconds.
  path: Assets/Script/GameManager.cs
  artifactKey: Guid(a8353cf7977db7b42a3fe8f5942c4ede) Importer(815301076,1909f56bfc062723c751e8b465ee728b)
Start importing Assets/Script/GameManager.cs using Guid(a8353cf7977db7b42a3fe8f5942c4ede) Importer(815301076,1909f56bfc062723c751e8b465ee728b)  -> (artifact id: 'ad1a58fd46c41050c51a293920d0f560') in 0.004884 seconds 
========================================================================
Received Prepare
Registering precompiled user dll's ...
Registered in 0.004691 seconds.
Begin MonoManager ReloadAssembly
Native extension for WindowsStandalone target not found
Refreshing native plugins compatible for Editor in 0.47 ms, found 2 plugins.
Preloading 0 native plugins for Editor in 0.00 ms.
Mono: successfully reloaded assembly
- Completed reload, in  0.948 seconds
Domain Reload Profiling:
	ReloadAssembly (948ms)
		BeginReloadAssembly (118ms)
			ExecutionOrderSort (0ms)
			DisableScriptedObjects (5ms)
			BackupInstance (0ms)
			ReleaseScriptingObjects (0ms)
			CreateAndSetChildDomain (41ms)
		EndReloadAssembly (728ms)
			LoadAssemblies (67ms)
			RebuildTransferFunctionScriptingTraits (0ms)
			SetupTypeCache (203ms)
			ReleaseScriptCaches (1ms)
			RebuildScriptCaches (34ms)
			SetupLoadedEditorAssemblies (387ms)
				LogAssemblyErrors (0ms)
				InitializePlatformSupportModulesInManaged (11ms)
				SetLoadedEditorAssemblies (0ms)
				RefreshPlugins (1ms)
				BeforeProcessingInitializeOnLoad (49ms)
				ProcessInitializeOnLoadAttributes (295ms)
				ProcessInitializeOnLoadMethodAttributes (26ms)
				AfterProcessingInitializeOnLoad (5ms)
				EditorAssembliesLoaded (0ms)
			ExecutionOrderSort2 (0ms)
			AwakeInstancesAfterBackupRestoration (6ms)
Platform modules already initialized, skipping
Refreshing native plugins compatible for Editor in 1.40 ms, found 2 plugins.
Preloading 0 native plugins for Editor in 0.00 ms.
Unloading 2030 Unused Serialized files (Serialized files now loaded: 0)
Unloading 23 unused Assets / (24.7 KB). Loaded Objects now: 2554.
Memory consumption went from 103.9 MB to 103.9 MB.
Total: 2.148900 ms (FindLiveObjects: 0.173900 ms CreateObjectMapping: 0.095400 ms MarkObjects: 1.863200 ms  DeleteObjects: 0.015800 ms)

AssetImportParameters requested are different than current active one (requested -> active):
  custom:video-decoder-ogg-theora: a1e56fd34408186e4bbccfd4996cb3dc -> 
  custom:container-muxer-webm: aa71ff27fc2769a1b78a27578f13a17b -> 
  custom:container-demuxer-webm: 4f35f7cbe854078d1ac9338744f61a02 -> 
  custom:video-encoder-webm-vp8: eb34c28f22e8b96e1ab97ce403110664 -> 
  custom:audio-encoder-webm-vorbis: bf7c407c2cedff20999df2af8eb42d56 -> 
  custom:framework-win-MediaFoundation: 216162199b28c13a410421893ffa2e32 -> 
  custom:container-demuxer-ogg: 62fdf1f143b41e24485cea50d1cbac27 -> 
  custom:video-decoder-webm-vp8: 9c59270c3fd7afecdb556c50c9e8de78 -> 
  custom:audio-decoder-ogg-vorbis: bf7c407c2cedff20999df2af8eb42d56 -> 
========================================================================
Received Import Request.
  Time since last request: 829.731668 seconds.
  path: Assets/Resources/Arissa.prefab
  artifactKey: Guid(99b7e741aae24ed47a4b41869e0f8386) Importer(815301076,1909f56bfc062723c751e8b465ee728b)
Start importing Assets/Resources/Arissa.prefab using Guid(99b7e741aae24ed47a4b41869e0f8386) Importer(815301076,1909f56bfc062723c751e8b465ee728b)  -> (artifact id: '8559ef0c345e133c97ca23fc27092221') in 0.073122 seconds 
========================================================================
Received Import Request.
  Time since last request: 2.798337 seconds.
  path: Assets/Resources/Arissa.prefab
  artifactKey: Guid(99b7e741aae24ed47a4b41869e0f8386) Importer(815301076,1909f56bfc062723c751e8b465ee728b)
Start importing Assets/Resources/Arissa.prefab using Guid(99b7e741aae24ed47a4b41869e0f8386) Importer(815301076,1909f56bfc062723c751e8b465ee728b)  -> (artifact id: '0efd046fb02d807ffa6bd6f43c9a72b7') in 0.013713 seconds 
========================================================================
Received Import Request.
  Time since last request: 69.173488 seconds.
  path: Assets/Script/Bilboard.cs
  artifactKey: Guid(46e34192e06bd514888e6ac1a9a74401) Importer(815301076,1909f56bfc062723c751e8b465ee728b)
Start importing Assets/Script/Bilboard.cs using Guid(46e34192e06bd514888e6ac1a9a74401) Importer(815301076,1909f56bfc062723c751e8b465ee728b)  -> (artifact id: 'a59a0ac61fddf1f71b16329a3cf59693') in 0.005502 seconds 
========================================================================
Received Prepare
Registering precompiled user dll's ...
Registered in 0.004727 seconds.
Begin MonoManager ReloadAssembly
Native extension for WindowsStandalone target not found
Refreshing native plugins compatible for Editor in 0.48 ms, found 2 plugins.
Preloading 0 native plugins for Editor in 0.00 ms.
Mono: successfully reloaded assembly
- Completed reload, in  0.925 seconds
Domain Reload Profiling:
	ReloadAssembly (926ms)
		BeginReloadAssembly (121ms)
			ExecutionOrderSort (0ms)
			DisableScriptedObjects (5ms)
			BackupInstance (0ms)
			ReleaseScriptingObjects (0ms)
			CreateAndSetChildDomain (40ms)
		EndReloadAssembly (723ms)
			LoadAssemblies (71ms)
			RebuildTransferFunctionScriptingTraits (0ms)
			SetupTypeCache (187ms)
			ReleaseScriptCaches (1ms)
			RebuildScriptCaches (34ms)
			SetupLoadedEditorAssemblies (394ms)
				LogAssemblyErrors (0ms)
				InitializePlatformSupportModulesInManaged (11ms)
				SetLoadedEditorAssemblies (0ms)
				RefreshPlugins (1ms)
				BeforeProcessingInitializeOnLoad (48ms)
				ProcessInitializeOnLoadAttributes (302ms)
				ProcessInitializeOnLoadMethodAttributes (25ms)
				AfterProcessingInitializeOnLoad (6ms)
				EditorAssembliesLoaded (0ms)
			ExecutionOrderSort2 (0ms)
			AwakeInstancesAfterBackupRestoration (6ms)
Platform modules already initialized, skipping
Refreshing native plugins compatible for Editor in 1.44 ms, found 2 plugins.
Preloading 0 native plugins for Editor in 0.00 ms.
Unloading 2031 Unused Serialized files (Serialized files now loaded: 0)
Unloading 23 unused Assets / (24.7 KB). Loaded Objects now: 2560.
Memory consumption went from 104.0 MB to 103.9 MB.
Total: 2.358100 ms (FindLiveObjects: 0.162000 ms CreateObjectMapping: 0.068600 ms MarkObjects: 2.106100 ms  DeleteObjects: 0.020800 ms)

AssetImportParameters requested are different than current active one (requested -> active):
  custom:video-decoder-ogg-theora: a1e56fd34408186e4bbccfd4996cb3dc -> 
  custom:container-muxer-webm: aa71ff27fc2769a1b78a27578f13a17b -> 
  custom:container-demuxer-webm: 4f35f7cbe854078d1ac9338744f61a02 -> 
  custom:video-encoder-webm-vp8: eb34c28f22e8b96e1ab97ce403110664 -> 
  custom:audio-encoder-webm-vorbis: bf7c407c2cedff20999df2af8eb42d56 -> 
  custom:framework-win-MediaFoundation: 216162199b28c13a410421893ffa2e32 -> 
  custom:container-demuxer-ogg: 62fdf1f143b41e24485cea50d1cbac27 -> 
  custom:video-decoder-webm-vp8: 9c59270c3fd7afecdb556c50c9e8de78 -> 
  custom:audio-decoder-ogg-vorbis: bf7c407c2cedff20999df2af8eb42d56 -> 
========================================================================
Received Import Request.
  Time since last request: 378.418222 seconds.
  path: Assets/Script/Bilboard.cs
  artifactKey: Guid(46e34192e06bd514888e6ac1a9a74401) Importer(815301076,1909f56bfc062723c751e8b465ee728b)
Start importing Assets/Script/Bilboard.cs using Guid(46e34192e06bd514888e6ac1a9a74401) Importer(815301076,1909f56bfc062723c751e8b465ee728b)  -> (artifact id: '32c70e333ec50ae4b7c631330a7f53f8') in 0.006124 seconds 
========================================================================
Received Prepare
Registering precompiled user dll's ...
Registered in 0.004845 seconds.
Begin MonoManager ReloadAssembly
Native extension for WindowsStandalone target not found
Refreshing native plugins compatible for Editor in 0.50 ms, found 2 plugins.
Preloading 0 native plugins for Editor in 0.00 ms.
Mono: successfully reloaded assembly
- Completed reload, in  0.998 seconds
Domain Reload Profiling:
	ReloadAssembly (999ms)
		BeginReloadAssembly (138ms)
			ExecutionOrderSort (0ms)
			DisableScriptedObjects (6ms)
			BackupInstance (0ms)
			ReleaseScriptingObjects (0ms)
			CreateAndSetChildDomain (39ms)
		EndReloadAssembly (773ms)
			LoadAssemblies (88ms)
			RebuildTransferFunctionScriptingTraits (0ms)
			SetupTypeCache (197ms)
			ReleaseScriptCaches (1ms)
			RebuildScriptCaches (42ms)
			SetupLoadedEditorAssemblies (417ms)
				LogAssemblyErrors (0ms)
				InitializePlatformSupportModulesInManaged (11ms)
				SetLoadedEditorAssemblies (1ms)
				RefreshPlugins (1ms)
				BeforeProcessingInitializeOnLoad (54ms)
				ProcessInitializeOnLoadAttributes (317ms)
				ProcessInitializeOnLoadMethodAttributes (28ms)
				AfterProcessingInitializeOnLoad (6ms)
				EditorAssembliesLoaded (0ms)
			ExecutionOrderSort2 (0ms)
			AwakeInstancesAfterBackupRestoration (6ms)
Platform modules already initialized, skipping
Refreshing native plugins compatible for Editor in 1.38 ms, found 2 plugins.
Preloading 0 native plugins for Editor in 0.00 ms.
Unloading 2031 Unused Serialized files (Serialized files now loaded: 0)
Unloading 23 unused Assets / (24.7 KB). Loaded Objects now: 2565.
Memory consumption went from 104.0 MB to 104.0 MB.
Total: 2.401600 ms (FindLiveObjects: 0.160300 ms CreateObjectMapping: 0.075200 ms MarkObjects: 2.147600 ms  DeleteObjects: 0.017800 ms)

AssetImportParameters requested are different than current active one (requested -> active):
  custom:video-decoder-ogg-theora: a1e56fd34408186e4bbccfd4996cb3dc -> 
  custom:container-muxer-webm: aa71ff27fc2769a1b78a27578f13a17b -> 
  custom:container-demuxer-webm: 4f35f7cbe854078d1ac9338744f61a02 -> 
  custom:video-encoder-webm-vp8: eb34c28f22e8b96e1ab97ce403110664 -> 
  custom:audio-encoder-webm-vorbis: bf7c407c2cedff20999df2af8eb42d56 -> 
  custom:framework-win-MediaFoundation: 216162199b28c13a410421893ffa2e32 -> 
  custom:container-demuxer-ogg: 62fdf1f143b41e24485cea50d1cbac27 -> 
  custom:video-decoder-webm-vp8: 9c59270c3fd7afecdb556c50c9e8de78 -> 
  custom:audio-decoder-ogg-vorbis: bf7c407c2cedff20999df2af8eb42d56 -> 
========================================================================
Received Import Request.
  Time since last request: 594.433948 seconds.
  path: Assets/Resources/Arissa.prefab
  artifactKey: Guid(99b7e741aae24ed47a4b41869e0f8386) Importer(815301076,1909f56bfc062723c751e8b465ee728b)
Start importing Assets/Resources/Arissa.prefab using Guid(99b7e741aae24ed47a4b41869e0f8386) Importer(815301076,1909f56bfc062723c751e8b465ee728b)  -> (artifact id: '7851ee261fc1b6f61b1658c159d92853') in 0.090237 seconds 
========================================================================
Received Import Request.
  Time since last request: 179.968912 seconds.
  path: Assets/Resources/Arissa.prefab
  artifactKey: Guid(99b7e741aae24ed47a4b41869e0f8386) Importer(815301076,1909f56bfc062723c751e8b465ee728b)
Start importing Assets/Resources/Arissa.prefab using Guid(99b7e741aae24ed47a4b41869e0f8386) Importer(815301076,1909f56bfc062723c751e8b465ee728b)  -> (artifact id: 'a49739293ad78297757c4ab6f5884780') in 0.015713 seconds 
========================================================================
Received Import Request.
  Time since last request: 98.509788 seconds.
  path: Assets/Animator/Photon Animator Controller.controller
  artifactKey: Guid(434454cb0248d0e40b804af60974102f) Importer(815301076,1909f56bfc062723c751e8b465ee728b)
Start importing Assets/Animator/Photon Animator Controller.controller using Guid(434454cb0248d0e40b804af60974102f) Importer(815301076,1909f56bfc062723c751e8b465ee728b)  -> (artifact id: 'a6936dce7f8cc5f04202e74a3b5b35c0') in 0.006536 seconds 
========================================================================
Received Import Request.
  Time since last request: 119.343186 seconds.
  path: Assets/Animation/Arissa@Taunt.fbx
  artifactKey: Guid(3f0e98ac4f6293b44aa4adf765603df8) Importer(815301076,1909f56bfc062723c751e8b465ee728b)
Start importing Assets/Animation/Arissa@Taunt.fbx using Guid(3f0e98ac4f6293b44aa4adf765603df8) Importer(815301076,1909f56bfc062723c751e8b465ee728b)  -> (artifact id: '69281ef0fcdf40bb456f69be55d4d6a2') in 0.013936 seconds 
========================================================================
Received Prepare
Registering precompiled user dll's ...
Registered in 0.004630 seconds.
Begin MonoManager ReloadAssembly
Native extension for WindowsStandalone target not found
Refreshing native plugins compatible for Editor in 0.43 ms, found 2 plugins.
Preloading 0 native plugins for Editor in 0.00 ms.
Mono: successfully reloaded assembly
- Completed reload, in  0.956 seconds
Domain Reload Profiling:
	ReloadAssembly (957ms)
		BeginReloadAssembly (116ms)
			ExecutionOrderSort (0ms)
			DisableScriptedObjects (4ms)
			BackupInstance (0ms)
			ReleaseScriptingObjects (0ms)
			CreateAndSetChildDomain (38ms)
		EndReloadAssembly (761ms)
			LoadAssemblies (68ms)
			RebuildTransferFunctionScriptingTraits (0ms)
			SetupTypeCache (209ms)
			ReleaseScriptCaches (1ms)
			RebuildScriptCaches (34ms)
			SetupLoadedEditorAssemblies (407ms)
				LogAssemblyErrors (0ms)
				InitializePlatformSupportModulesInManaged (12ms)
				SetLoadedEditorAssemblies (0ms)
				RefreshPlugins (0ms)
				BeforeProcessingInitializeOnLoad (48ms)
				ProcessInitializeOnLoadAttributes (311ms)
				ProcessInitializeOnLoadMethodAttributes (28ms)
				AfterProcessingInitializeOnLoad (6ms)
				EditorAssembliesLoaded (0ms)
			ExecutionOrderSort2 (0ms)
			AwakeInstancesAfterBackupRestoration (8ms)
Platform modules already initialized, skipping
Refreshing native plugins compatible for Editor in 1.59 ms, found 2 plugins.
Preloading 0 native plugins for Editor in 0.00 ms.
Unloading 2031 Unused Serialized files (Serialized files now loaded: 0)
Unloading 23 unused Assets / (24.7 KB). Loaded Objects now: 2572.
Memory consumption went from 104.0 MB to 104.0 MB.
Total: 2.188000 ms (FindLiveObjects: 0.157800 ms CreateObjectMapping: 0.067700 ms MarkObjects: 1.942100 ms  DeleteObjects: 0.019500 ms)

AssetImportParameters requested are different than current active one (requested -> active):
  custom:video-decoder-ogg-theora: a1e56fd34408186e4bbccfd4996cb3dc -> 
  custom:container-muxer-webm: aa71ff27fc2769a1b78a27578f13a17b -> 
  custom:container-demuxer-webm: 4f35f7cbe854078d1ac9338744f61a02 -> 
  custom:video-encoder-webm-vp8: eb34c28f22e8b96e1ab97ce403110664 -> 
  custom:audio-encoder-webm-vorbis: bf7c407c2cedff20999df2af8eb42d56 -> 
  custom:framework-win-MediaFoundation: 216162199b28c13a410421893ffa2e32 -> 
  custom:container-demuxer-ogg: 62fdf1f143b41e24485cea50d1cbac27 -> 
  custom:video-decoder-webm-vp8: 9c59270c3fd7afecdb556c50c9e8de78 -> 
  custom:audio-decoder-ogg-vorbis: bf7c407c2cedff20999df2af8eb42d56 -> 
========================================================================
Received Import Request.
  Time since last request: 178.539272 seconds.
  path: Assets/Scenes/Photon Setting.unity
  artifactKey: Guid(9fc0d4010bbf28b4594072e72b8655ab) Importer(815301076,1909f56bfc062723c751e8b465ee728b)
Start importing Assets/Scenes/Photon Setting.unity using Guid(9fc0d4010bbf28b4594072e72b8655ab) Importer(815301076,1909f56bfc062723c751e8b465ee728b)  -> (artifact id: '39716ead23bc912dc89b3206a1d1b2e9') in 0.009402 seconds 
========================================================================
Received Import Request.
  Time since last request: 20.752713 seconds.
  path: Assets/Scenes/Photon Lobby.unity
  artifactKey: Guid(9dcbf100f31cd464db1cc3b0668064cf) Importer(815301076,1909f56bfc062723c751e8b465ee728b)
Start importing Assets/Scenes/Photon Lobby.unity using Guid(9dcbf100f31cd464db1cc3b0668064cf) Importer(815301076,1909f56bfc062723c751e8b465ee728b)  -> (artifact id: 'b057efb321f1d3d14cf0005269adf353') in 0.005076 seconds 
========================================================================
Received Prepare
Registering precompiled user dll's ...
Registered in 0.005195 seconds.
Begin MonoManager ReloadAssembly
Native extension for WindowsStandalone target not found
Refreshing native plugins compatible for Editor in 0.86 ms, found 2 plugins.
Preloading 0 native plugins for Editor in 0.00 ms.
Mono: successfully reloaded assembly
- Completed reload, in  0.974 seconds
Domain Reload Profiling:
	ReloadAssembly (976ms)
		BeginReloadAssembly (118ms)
			ExecutionOrderSort (0ms)
			DisableScriptedObjects (5ms)
			BackupInstance (0ms)
			ReleaseScriptingObjects (0ms)
			CreateAndSetChildDomain (36ms)
		EndReloadAssembly (774ms)
			LoadAssemblies (71ms)
			RebuildTransferFunctionScriptingTraits (0ms)
			SetupTypeCache (194ms)
			ReleaseScriptCaches (1ms)
			RebuildScriptCaches (42ms)
			SetupLoadedEditorAssemblies (421ms)
				LogAssemblyErrors (0ms)
				InitializePlatformSupportModulesInManaged (11ms)
				SetLoadedEditorAssemblies (1ms)
				RefreshPlugins (1ms)
				BeforeProcessingInitializeOnLoad (52ms)
				ProcessInitializeOnLoadAttributes (319ms)
				ProcessInitializeOnLoadMethodAttributes (31ms)
				AfterProcessingInitializeOnLoad (6ms)
				EditorAssembliesLoaded (0ms)
			ExecutionOrderSort2 (0ms)
			AwakeInstancesAfterBackupRestoration (7ms)
Platform modules already initialized, skipping
Refreshing native plugins compatible for Editor in 2.04 ms, found 2 plugins.
Preloading 0 native plugins for Editor in 0.00 ms.
Unloading 2031 Unused Serialized files (Serialized files now loaded: 0)
Unloading 23 unused Assets / (24.7 KB). Loaded Objects now: 2577.
Memory consumption went from 104.1 MB to 104.1 MB.
Total: 3.243000 ms (FindLiveObjects: 0.232900 ms CreateObjectMapping: 0.113900 ms MarkObjects: 2.860900 ms  DeleteObjects: 0.033600 ms)

AssetImportParameters requested are different than current active one (requested -> active):
  custom:video-decoder-ogg-theora: a1e56fd34408186e4bbccfd4996cb3dc -> 
  custom:container-muxer-webm: aa71ff27fc2769a1b78a27578f13a17b -> 
  custom:container-demuxer-webm: 4f35f7cbe854078d1ac9338744f61a02 -> 
  custom:video-encoder-webm-vp8: eb34c28f22e8b96e1ab97ce403110664 -> 
  custom:audio-encoder-webm-vorbis: bf7c407c2cedff20999df2af8eb42d56 -> 
  custom:framework-win-MediaFoundation: 216162199b28c13a410421893ffa2e32 -> 
  custom:container-demuxer-ogg: 62fdf1f143b41e24485cea50d1cbac27 -> 
  custom:video-decoder-webm-vp8: 9c59270c3fd7afecdb556c50c9e8de78 -> 
  custom:audio-decoder-ogg-vorbis: bf7c407c2cedff20999df2af8eb42d56 -> 
========================================================================
Received Prepare
Registering precompiled user dll's ...
Registered in 0.006346 seconds.
Begin MonoManager ReloadAssembly
Native extension for WindowsStandalone target not found
Refreshing native plugins compatible for Editor in 0.45 ms, found 2 plugins.
Preloading 0 native plugins for Editor in 0.00 ms.
Mono: successfully reloaded assembly
- Completed reload, in  0.964 seconds
Domain Reload Profiling:
	ReloadAssembly (965ms)
		BeginReloadAssembly (123ms)
			ExecutionOrderSort (0ms)
			DisableScriptedObjects (5ms)
			BackupInstance (0ms)
			ReleaseScriptingObjects (0ms)
			CreateAndSetChildDomain (35ms)
		EndReloadAssembly (760ms)
			LoadAssemblies (72ms)
			RebuildTransferFunctionScriptingTraits (0ms)
			SetupTypeCache (199ms)
			ReleaseScriptCaches (1ms)
			RebuildScriptCaches (34ms)
			SetupLoadedEditorAssemblies (416ms)
				LogAssemblyErrors (0ms)
				InitializePlatformSupportModulesInManaged (12ms)
				SetLoadedEditorAssemblies (0ms)
				RefreshPlugins (1ms)
				BeforeProcessingInitializeOnLoad (49ms)
				ProcessInitializeOnLoadAttributes (318ms)
				ProcessInitializeOnLoadMethodAttributes (29ms)
				AfterProcessingInitializeOnLoad (7ms)
				EditorAssembliesLoaded (0ms)
			ExecutionOrderSort2 (0ms)
			AwakeInstancesAfterBackupRestoration (8ms)
Platform modules already initialized, skipping
Refreshing native plugins compatible for Editor in 1.57 ms, found 2 plugins.
Preloading 0 native plugins for Editor in 0.00 ms.
Unloading 2031 Unused Serialized files (Serialized files now loaded: 0)
Unloading 23 unused Assets / (24.6 KB). Loaded Objects now: 2582.
Memory consumption went from 104.1 MB to 104.1 MB.
Total: 2.576500 ms (FindLiveObjects: 0.167100 ms CreateObjectMapping: 0.073000 ms MarkObjects: 2.313200 ms  DeleteObjects: 0.022000 ms)

AssetImportParameters requested are different than current active one (requested -> active):
  custom:video-decoder-ogg-theora: a1e56fd34408186e4bbccfd4996cb3dc -> 
  custom:container-muxer-webm: aa71ff27fc2769a1b78a27578f13a17b -> 
  custom:container-demuxer-webm: 4f35f7cbe854078d1ac9338744f61a02 -> 
  custom:video-encoder-webm-vp8: eb34c28f22e8b96e1ab97ce403110664 -> 
  custom:audio-encoder-webm-vorbis: bf7c407c2cedff20999df2af8eb42d56 -> 
  custom:framework-win-MediaFoundation: 216162199b28c13a410421893ffa2e32 -> 
  custom:container-demuxer-ogg: 62fdf1f143b41e24485cea50d1cbac27 -> 
  custom:video-decoder-webm-vp8: 9c59270c3fd7afecdb556c50c9e8de78 -> 
  custom:audio-decoder-ogg-vorbis: bf7c407c2cedff20999df2af8eb42d56 -> 
========================================================================
Received Prepare
Registering precompiled user dll's ...
Registered in 0.005963 seconds.
Begin MonoManager ReloadAssembly
Native extension for WindowsStandalone target not found
Refreshing native plugins compatible for Editor in 0.44 ms, found 2 plugins.
Preloading 0 native plugins for Editor in 0.00 ms.
Mono: successfully reloaded assembly
- Completed reload, in  0.966 seconds
Domain Reload Profiling:
	ReloadAssembly (967ms)
		BeginReloadAssembly (116ms)
			ExecutionOrderSort (0ms)
			DisableScriptedObjects (5ms)
			BackupInstance (0ms)
			ReleaseScriptingObjects (0ms)
			CreateAndSetChildDomain (39ms)
		EndReloadAssembly (771ms)
			LoadAssemblies (64ms)
			RebuildTransferFunctionScriptingTraits (0ms)
			SetupTypeCache (209ms)
			ReleaseScriptCaches (1ms)
			RebuildScriptCaches (35ms)
			SetupLoadedEditorAssemblies (419ms)
				LogAssemblyErrors (0ms)
				InitializePlatformSupportModulesInManaged (12ms)
				SetLoadedEditorAssemblies (1ms)
				RefreshPlugins (0ms)
				BeforeProcessingInitializeOnLoad (47ms)
				ProcessInitializeOnLoadAttributes (324ms)
				ProcessInitializeOnLoadMethodAttributes (29ms)
				AfterProcessingInitializeOnLoad (6ms)
				EditorAssembliesLoaded (0ms)
			ExecutionOrderSort2 (0ms)
			AwakeInstancesAfterBackupRestoration (7ms)
Platform modules already initialized, skipping
Refreshing native plugins compatible for Editor in 1.46 ms, found 2 plugins.
Preloading 0 native plugins for Editor in 0.00 ms.
Unloading 2031 Unused Serialized files (Serialized files now loaded: 0)
Unloading 23 unused Assets / (24.6 KB). Loaded Objects now: 2587.
Memory consumption went from 104.1 MB to 104.1 MB.
Total: 2.626100 ms (FindLiveObjects: 0.221500 ms CreateObjectMapping: 0.123500 ms MarkObjects: 2.247500 ms  DeleteObjects: 0.032600 ms)

AssetImportParameters requested are different than current active one (requested -> active):
  custom:video-decoder-ogg-theora: a1e56fd34408186e4bbccfd4996cb3dc -> 
  custom:container-muxer-webm: aa71ff27fc2769a1b78a27578f13a17b -> 
  custom:container-demuxer-webm: 4f35f7cbe854078d1ac9338744f61a02 -> 
  custom:video-encoder-webm-vp8: eb34c28f22e8b96e1ab97ce403110664 -> 
  custom:audio-encoder-webm-vorbis: bf7c407c2cedff20999df2af8eb42d56 -> 
  custom:framework-win-MediaFoundation: 216162199b28c13a410421893ffa2e32 -> 
  custom:container-demuxer-ogg: 62fdf1f143b41e24485cea50d1cbac27 -> 
  custom:video-decoder-webm-vp8: 9c59270c3fd7afecdb556c50c9e8de78 -> 
  custom:audio-decoder-ogg-vorbis: bf7c407c2cedff20999df2af8eb42d56 -> 
========================================================================
Received Import Request.
  Time since last request: 57.248238 seconds.
  path: Assets/Scenes/Photon Game.unity
  artifactKey: Guid(335483dfb0d1fb648a66dc07270891b3) Importer(815301076,1909f56bfc062723c751e8b465ee728b)
Start importing Assets/Scenes/Photon Game.unity using Guid(335483dfb0d1fb648a66dc07270891b3) Importer(815301076,1909f56bfc062723c751e8b465ee728b)  -> (artifact id: '9f7aa4b5263c853608a5a8f558e1faca') in 0.007985 seconds 
========================================================================
Received Import Request.
  Time since last request: 62.244700 seconds.
  path: Assets/Script/CameraShake.cs
  artifactKey: Guid(e6561223b04057645bbc7572ade9dc7d) Importer(815301076,1909f56bfc062723c751e8b465ee728b)
Start importing Assets/Script/CameraShake.cs using Guid(e6561223b04057645bbc7572ade9dc7d) Importer(815301076,1909f56bfc062723c751e8b465ee728b)  -> (artifact id: '9811301ab37508c16c42b160c257e218') in 0.005377 seconds 
========================================================================
Received Prepare
Registering precompiled user dll's ...
Registered in 0.004509 seconds.
Begin MonoManager ReloadAssembly
Native extension for WindowsStandalone target not found
Refreshing native plugins compatible for Editor in 0.50 ms, found 2 plugins.
Preloading 0 native plugins for Editor in 0.00 ms.
Mono: successfully reloaded assembly
- Completed reload, in  1.065 seconds
Domain Reload Profiling:
	ReloadAssembly (1066ms)
		BeginReloadAssembly (115ms)
			ExecutionOrderSort (0ms)
			DisableScriptedObjects (6ms)
			BackupInstance (0ms)
			ReleaseScriptingObjects (0ms)
			CreateAndSetChildDomain (34ms)
		EndReloadAssembly (865ms)
			LoadAssemblies (68ms)
			RebuildTransferFunctionScriptingTraits (0ms)
			SetupTypeCache (214ms)
			ReleaseScriptCaches (1ms)
			RebuildScriptCaches (37ms)
			SetupLoadedEditorAssemblies (497ms)
				LogAssemblyErrors (0ms)
				InitializePlatformSupportModulesInManaged (11ms)
				SetLoadedEditorAssemblies (0ms)
				RefreshPlugins (1ms)
				BeforeProcessingInitializeOnLoad (66ms)
				ProcessInitializeOnLoadAttributes (379ms)
				ProcessInitializeOnLoadMethodAttributes (31ms)
				AfterProcessingInitializeOnLoad (9ms)
				EditorAssembliesLoaded (0ms)
			ExecutionOrderSort2 (0ms)
			AwakeInstancesAfterBackupRestoration (7ms)
Platform modules already initialized, skipping
Refreshing native plugins compatible for Editor in 1.37 ms, found 2 plugins.
Preloading 0 native plugins for Editor in 0.00 ms.
Unloading 2032 Unused Serialized files (Serialized files now loaded: 0)
Unloading 23 unused Assets / (24.7 KB). Loaded Objects now: 2593.
Memory consumption went from 104.2 MB to 104.2 MB.
Total: 2.147700 ms (FindLiveObjects: 0.160700 ms CreateObjectMapping: 0.064800 ms MarkObjects: 1.904000 ms  DeleteObjects: 0.017300 ms)

AssetImportParameters requested are different than current active one (requested -> active):
  custom:video-decoder-ogg-theora: a1e56fd34408186e4bbccfd4996cb3dc -> 
  custom:container-muxer-webm: aa71ff27fc2769a1b78a27578f13a17b -> 
  custom:container-demuxer-webm: 4f35f7cbe854078d1ac9338744f61a02 -> 
  custom:video-encoder-webm-vp8: eb34c28f22e8b96e1ab97ce403110664 -> 
  custom:audio-encoder-webm-vorbis: bf7c407c2cedff20999df2af8eb42d56 -> 
  custom:framework-win-MediaFoundation: 216162199b28c13a410421893ffa2e32 -> 
  custom:container-demuxer-ogg: 62fdf1f143b41e24485cea50d1cbac27 -> 
  custom:video-decoder-webm-vp8: 9c59270c3fd7afecdb556c50c9e8de78 -> 
  custom:audio-decoder-ogg-vorbis: bf7c407c2cedff20999df2af8eb42d56 -> 
========================================================================
Received Import Request.
  Time since last request: 50.722461 seconds.
  path: Assets/Resources/Arissa.prefab
  artifactKey: Guid(99b7e741aae24ed47a4b41869e0f8386) Importer(815301076,1909f56bfc062723c751e8b465ee728b)
Start importing Assets/Resources/Arissa.prefab using Guid(99b7e741aae24ed47a4b41869e0f8386) Importer(815301076,1909f56bfc062723c751e8b465ee728b)  -> (artifact id: '9bf9aee15574d80fae6f087b61474304') in 0.081542 seconds 
========================================================================
Received Import Request.
  Time since last request: 422.994166 seconds.
  path: Assets/Script/CameraShake.cs
  artifactKey: Guid(e6561223b04057645bbc7572ade9dc7d) Importer(815301076,1909f56bfc062723c751e8b465ee728b)
Start importing Assets/Script/CameraShake.cs using Guid(e6561223b04057645bbc7572ade9dc7d) Importer(815301076,1909f56bfc062723c751e8b465ee728b)  -> (artifact id: '3610d169e3e9485635025c333fd954e7') in 0.001824 seconds 
========================================================================
Received Prepare
Registering precompiled user dll's ...
Registered in 0.005690 seconds.
Begin MonoManager ReloadAssembly
Native extension for WindowsStandalone target not found
Refreshing native plugins compatible for Editor in 0.44 ms, found 2 plugins.
Preloading 0 native plugins for Editor in 0.00 ms.
Mono: successfully reloaded assembly
- Completed reload, in  0.965 seconds
Domain Reload Profiling:
	ReloadAssembly (966ms)
		BeginReloadAssembly (123ms)
			ExecutionOrderSort (0ms)
			DisableScriptedObjects (4ms)
			BackupInstance (0ms)
			ReleaseScriptingObjects (0ms)
			CreateAndSetChildDomain (42ms)
		EndReloadAssembly (762ms)
			LoadAssemblies (69ms)
			RebuildTransferFunctionScriptingTraits (0ms)
			SetupTypeCache (213ms)
			ReleaseScriptCaches (1ms)
			RebuildScriptCaches (34ms)
			SetupLoadedEditorAssemblies (409ms)
				LogAssemblyErrors (0ms)
				InitializePlatformSupportModulesInManaged (10ms)
				SetLoadedEditorAssemblies (0ms)
				RefreshPlugins (0ms)
				BeforeProcessingInitializeOnLoad (50ms)
				ProcessInitializeOnLoadAttributes (315ms)
				ProcessInitializeOnLoadMethodAttributes (27ms)
				AfterProcessingInitializeOnLoad (5ms)
				EditorAssembliesLoaded (0ms)
			ExecutionOrderSort2 (0ms)
			AwakeInstancesAfterBackupRestoration (6ms)
Platform modules already initialized, skipping
Refreshing native plugins compatible for Editor in 1.46 ms, found 2 plugins.
Preloading 0 native plugins for Editor in 0.00 ms.
Unloading 2032 Unused Serialized files (Serialized files now loaded: 0)
Unloading 23 unused Assets / (24.7 KB). Loaded Objects now: 2598.
Memory consumption went from 104.1 MB to 104.1 MB.
Total: 2.154000 ms (FindLiveObjects: 0.155600 ms CreateObjectMapping: 0.064500 ms MarkObjects: 1.915000 ms  DeleteObjects: 0.018200 ms)

AssetImportParameters requested are different than current active one (requested -> active):
  custom:video-decoder-ogg-theora: a1e56fd34408186e4bbccfd4996cb3dc -> 
  custom:container-muxer-webm: aa71ff27fc2769a1b78a27578f13a17b -> 
  custom:container-demuxer-webm: 4f35f7cbe854078d1ac9338744f61a02 -> 
  custom:video-encoder-webm-vp8: eb34c28f22e8b96e1ab97ce403110664 -> 
  custom:audio-encoder-webm-vorbis: bf7c407c2cedff20999df2af8eb42d56 -> 
  custom:framework-win-MediaFoundation: 216162199b28c13a410421893ffa2e32 -> 
  custom:container-demuxer-ogg: 62fdf1f143b41e24485cea50d1cbac27 -> 
  custom:video-decoder-webm-vp8: 9c59270c3fd7afecdb556c50c9e8de78 -> 
  custom:audio-decoder-ogg-vorbis: bf7c407c2cedff20999df2af8eb42d56 -> 
========================================================================
Received Import Request.
  Time since last request: 149.636944 seconds.
  path: Assets/Resources/Arissa.prefab
  artifactKey: Guid(99b7e741aae24ed47a4b41869e0f8386) Importer(815301076,1909f56bfc062723c751e8b465ee728b)
Start importing Assets/Resources/Arissa.prefab using Guid(99b7e741aae24ed47a4b41869e0f8386) Importer(815301076,1909f56bfc062723c751e8b465ee728b)  -> (artifact id: '646258655b448c5d0e6740150655dc6b') in 0.075595 seconds 
========================================================================
Received Import Request.
  Time since last request: 21.932467 seconds.
  path: Assets/Resources/Arissa.prefab
  artifactKey: Guid(99b7e741aae24ed47a4b41869e0f8386) Importer(815301076,1909f56bfc062723c751e8b465ee728b)
Start importing Assets/Resources/Arissa.prefab using Guid(99b7e741aae24ed47a4b41869e0f8386) Importer(815301076,1909f56bfc062723c751e8b465ee728b)  -> (artifact id: '3c57a5c69d752f369e0ac725e0a0ff8b') in 0.019561 seconds 
========================================================================
Received Import Request.
  Time since last request: 0.929232 seconds.
  path: Assets/Resources/Arissa.prefab
  artifactKey: Guid(99b7e741aae24ed47a4b41869e0f8386) Importer(815301076,1909f56bfc062723c751e8b465ee728b)
Start importing Assets/Resources/Arissa.prefab using Guid(99b7e741aae24ed47a4b41869e0f8386) Importer(815301076,1909f56bfc062723c751e8b465ee728b)  -> (artifact id: 'cd40954e8c223c9bbcf88397320fb63a') in 0.017399 seconds 
========================================================================
Received Import Request.
  Time since last request: 0.371111 seconds.
  path: Assets/Resources/Arissa.prefab
  artifactKey: Guid(99b7e741aae24ed47a4b41869e0f8386) Importer(815301076,1909f56bfc062723c751e8b465ee728b)
Start importing Assets/Resources/Arissa.prefab using Guid(99b7e741aae24ed47a4b41869e0f8386) Importer(815301076,1909f56bfc062723c751e8b465ee728b)  -> (artifact id: '4e62dfb552fe6a32e7f6face2dc4147e') in 0.016497 seconds 
========================================================================
Received Import Request.
  Time since last request: 23.086991 seconds.
  path: Assets/Animator
  artifactKey: Guid(643effbebaf391549a50aa37fd005735) Importer(815301076,1909f56bfc062723c751e8b465ee728b)
Start importing Assets/Animator using Guid(643effbebaf391549a50aa37fd005735) Importer(815301076,1909f56bfc062723c751e8b465ee728b)  -> (artifact id: 'a1ea0dc371a8e4a5a19486a3884abf9c') in 0.004483 seconds 
========================================================================
Received Import Request.
  Time since last request: 23.614703 seconds.
  path: Assets/Animator/Bee Animator Controller.controller
  artifactKey: Guid(ca75908702ff2b8449d4bd4c14e59c17) Importer(815301076,1909f56bfc062723c751e8b465ee728b)
Start importing Assets/Animator/Bee Animator Controller.controller using Guid(ca75908702ff2b8449d4bd4c14e59c17) Importer(815301076,1909f56bfc062723c751e8b465ee728b)  -> (artifact id: 'b5fcd06aa24678d650011852cc6e6b67') in 0.005830 seconds 
