Using pre-set license
Built from '2021.3/staging' branch; Version is '2021.3.10f1 (1c7d0df0160b) revision 1867021'; Using compiler version '192829333'; Build Type 'Release'
OS: 'Windows 10  (10.0.19044) 64bit Education' Language: 'ko' Physical Memory: 16297 MB
BatchMode: 1, IsHumanControllingUs: 0, StartBugReporterOnCrash: 0, Is64bit: 1, IsPro: 1

COMMAND LINE ARGUMENTS:
C:\Program Files\Unity\Hub\Editor\2021.3.10f1\Editor\Unity.exe
-adb2
-batchMode
-noUpm
-name
AssetImportWorker0
-projectPath
C:/Users/Administrator/Documents/Unitybbk/PhotonServer/Photon Server At Home
-logFile
Logs/AssetImportWorker0.log
-srvPort
59445
Successfully changed project path to: C:/Users/Administrator/Documents/Unitybbk/PhotonServer/Photon Server At Home
C:/Users/Administrator/Documents/Unitybbk/PhotonServer/Photon Server At Home
[UnityMemory] Configuration Parameters - Can be set up in boot.config
    "memorysetup-bucket-allocator-granularity=16"
    "memorysetup-bucket-allocator-bucket-count=8"
    "memorysetup-bucket-allocator-block-size=33554432"
    "memorysetup-bucket-allocator-block-count=8"
    "memorysetup-main-allocator-block-size=16777216"
    "memorysetup-thread-allocator-block-size=16777216"
    "memorysetup-gfx-main-allocator-block-size=16777216"
    "memorysetup-gfx-thread-allocator-block-size=16777216"
    "memorysetup-cache-allocator-block-size=4194304"
    "memorysetup-typetree-allocator-block-size=2097152"
    "memorysetup-profiler-bucket-allocator-granularity=16"
    "memorysetup-profiler-bucket-allocator-bucket-count=8"
    "memorysetup-profiler-bucket-allocator-block-size=33554432"
    "memorysetup-profiler-bucket-allocator-block-count=8"
    "memorysetup-profiler-allocator-block-size=16777216"
    "memorysetup-profiler-editor-allocator-block-size=1048576"
    "memorysetup-temp-allocator-size-main=16777216"
    "memorysetup-job-temp-allocator-block-size=2097152"
    "memorysetup-job-temp-allocator-block-size-background=1048576"
    "memorysetup-job-temp-allocator-reduction-small-platforms=262144"
    "memorysetup-temp-allocator-size-background-worker=32768"
    "memorysetup-temp-allocator-size-job-worker=262144"
    "memorysetup-temp-allocator-size-preload-manager=33554432"
    "memorysetup-temp-allocator-size-nav-mesh-worker=65536"
    "memorysetup-temp-allocator-size-audio-worker=65536"
    "memorysetup-temp-allocator-size-cloud-worker=32768"
    "memorysetup-temp-allocator-size-gi-baking-worker=262144"
    "memorysetup-temp-allocator-size-gfx=262144"
Refreshing native plugins compatible for Editor in 110.74 ms, found 2 plugins.
Preloading 0 native plugins for Editor in 0.00 ms.
Initialize engine version: 2021.3.10f1 (1c7d0df0160b)
[Subsystems] Discovering subsystems at path C:/Program Files/Unity/Hub/Editor/2021.3.10f1/Editor/Data/Resources/UnitySubsystems
[Subsystems] Discovering subsystems at path C:/Users/Administrator/Documents/Unitybbk/PhotonServer/Photon Server At Home/Assets
GfxDevice: creating device client; threaded=0; jobified=0
Direct3D:
    Version:  Direct3D 11.0 [level 11.1]
    Renderer: NVIDIA GeForce GTX 1660 (ID=0x2184)
    Vendor:   NVIDIA
    VRAM:     5992 MB
    Driver:   31.0.15.1694
Initialize mono
Mono path[0] = 'C:/Program Files/Unity/Hub/Editor/2021.3.10f1/Editor/Data/Managed'
Mono path[1] = 'C:/Program Files/Unity/Hub/Editor/2021.3.10f1/Editor/Data/MonoBleedingEdge/lib/mono/unityjit-win32'
Mono config path = 'C:/Program Files/Unity/Hub/Editor/2021.3.10f1/Editor/Data/MonoBleedingEdge/etc'
Using monoOptions --debugger-agent=transport=dt_socket,embedding=1,server=y,suspend=n,address=127.0.0.1:56620
Begin MonoManager ReloadAssembly
Registering precompiled unity dll's ...
Register platform support module: C:/Program Files/Unity/Hub/Editor/2021.3.10f1/Editor/Data/PlaybackEngines/WindowsStandaloneSupport/UnityEditor.WindowsStandalone.Extensions.dll
Registered in 0.073669 seconds.
Native extension for WindowsStandalone target not found
Refreshing native plugins compatible for Editor in 32.75 ms, found 2 plugins.
Preloading 0 native plugins for Editor in 0.00 ms.
Mono: successfully reloaded assembly
- Completed reload, in  3.897 seconds
Domain Reload Profiling:
	ReloadAssembly (3897ms)
		BeginReloadAssembly (2903ms)
			ExecutionOrderSort (0ms)
			DisableScriptedObjects (0ms)
			BackupInstance (0ms)
			ReleaseScriptingObjects (0ms)
			CreateAndSetChildDomain (1ms)
		EndReloadAssembly (647ms)
			LoadAssemblies (2901ms)
			RebuildTransferFunctionScriptingTraits (0ms)
			SetupTypeCache (389ms)
			ReleaseScriptCaches (0ms)
			RebuildScriptCaches (27ms)
			SetupLoadedEditorAssemblies (190ms)
				LogAssemblyErrors (0ms)
				InitializePlatformSupportModulesInManaged (7ms)
				SetLoadedEditorAssemblies (0ms)
				RefreshPlugins (33ms)
				BeforeProcessingInitializeOnLoad (2ms)
				ProcessInitializeOnLoadAttributes (105ms)
				ProcessInitializeOnLoadMethodAttributes (43ms)
				AfterProcessingInitializeOnLoad (0ms)
				EditorAssembliesLoaded (0ms)
			ExecutionOrderSort2 (0ms)
			AwakeInstancesAfterBackupRestoration (0ms)
Platform modules already initialized, skipping
Registering precompiled user dll's ...
Registered in 0.584526 seconds.
Begin MonoManager ReloadAssembly
Native extension for WindowsStandalone target not found
Refreshing native plugins compatible for Editor in 0.42 ms, found 2 plugins.
Preloading 0 native plugins for Editor in 0.00 ms.
Mono: successfully reloaded assembly
- Completed reload, in  4.763 seconds
Domain Reload Profiling:
	ReloadAssembly (4764ms)
		BeginReloadAssembly (97ms)
			ExecutionOrderSort (0ms)
			DisableScriptedObjects (5ms)
			BackupInstance (0ms)
			ReleaseScriptingObjects (0ms)
			CreateAndSetChildDomain (16ms)
		EndReloadAssembly (4501ms)
			LoadAssemblies (2326ms)
			RebuildTransferFunctionScriptingTraits (0ms)
			SetupTypeCache (708ms)
			ReleaseScriptCaches (0ms)
			RebuildScriptCaches (43ms)
			SetupLoadedEditorAssemblies (1395ms)
				LogAssemblyErrors (0ms)
				InitializePlatformSupportModulesInManaged (5ms)
				SetLoadedEditorAssemblies (0ms)
				RefreshPlugins (0ms)
				BeforeProcessingInitializeOnLoad (53ms)
				ProcessInitializeOnLoadAttributes (607ms)
				ProcessInitializeOnLoadMethodAttributes (723ms)
				AfterProcessingInitializeOnLoad (6ms)
				EditorAssembliesLoaded (0ms)
			ExecutionOrderSort2 (0ms)
			AwakeInstancesAfterBackupRestoration (5ms)
Platform modules already initialized, skipping
========================================================================
Worker process is ready to serve import requests
Launched and connected shader compiler UnityShaderCompiler.exe after 0.06 seconds
Refreshing native plugins compatible for Editor in 0.52 ms, found 2 plugins.
Preloading 0 native plugins for Editor in 0.00 ms.
Unloading 2044 Unused Serialized files (Serialized files now loaded: 0)
Unloading 32 unused Assets / (48.3 KB). Loaded Objects now: 2502.
Memory consumption went from 87.5 MB to 87.4 MB.
Total: 2.585700 ms (FindLiveObjects: 0.193800 ms CreateObjectMapping: 0.114500 ms MarkObjects: 2.223700 ms  DeleteObjects: 0.052900 ms)

AssetImportParameters requested are different than current active one (requested -> active):
  custom:video-decoder-ogg-theora: a1e56fd34408186e4bbccfd4996cb3dc -> 
  custom:container-muxer-webm: aa71ff27fc2769a1b78a27578f13a17b -> 
  custom:container-demuxer-webm: 4f35f7cbe854078d1ac9338744f61a02 -> 
  custom:video-encoder-webm-vp8: eb34c28f22e8b96e1ab97ce403110664 -> 
  custom:audio-encoder-webm-vorbis: bf7c407c2cedff20999df2af8eb42d56 -> 
  custom:framework-win-MediaFoundation: 216162199b28c13a410421893ffa2e32 -> 
  custom:container-demuxer-ogg: 62fdf1f143b41e24485cea50d1cbac27 -> 
  custom:video-decoder-webm-vp8: 9c59270c3fd7afecdb556c50c9e8de78 -> 
  custom:audio-decoder-ogg-vorbis: bf7c407c2cedff20999df2af8eb42d56 -> 
========================================================================
Received Import Request.
  Time since last request: 866.670942 seconds.
  path: Assets/Scenes/Photon Room.unity
  artifactKey: Guid(690c517bf34cf6740b8d1109114b9517) Importer(815301076,1909f56bfc062723c751e8b465ee728b)
Start importing Assets/Scenes/Photon Room.unity using Guid(690c517bf34cf6740b8d1109114b9517) Importer(815301076,1909f56bfc062723c751e8b465ee728b)  -> (artifact id: 'ec599c3fb0a7311e7c5c3d166366e92f') in 0.008219 seconds 
========================================================================
Received Import Request.
  Time since last request: 16.781499 seconds.
  path: Assets/Scenes/Photon Game.unity
  artifactKey: Guid(335483dfb0d1fb648a66dc07270891b3) Importer(815301076,1909f56bfc062723c751e8b465ee728b)
Start importing Assets/Scenes/Photon Game.unity using Guid(335483dfb0d1fb648a66dc07270891b3) Importer(815301076,1909f56bfc062723c751e8b465ee728b)  -> (artifact id: '7ccdd0b9cb919dddade07b134ff62030') in 0.005915 seconds 
========================================================================
Received Import Request.
  Time since last request: 11.725027 seconds.
  path: Assets/Script/ChatManager.cs
  artifactKey: Guid(2ffd58cd48843194180d65b3ba7eb168) Importer(815301076,1909f56bfc062723c751e8b465ee728b)
Start importing Assets/Script/ChatManager.cs using Guid(2ffd58cd48843194180d65b3ba7eb168) Importer(815301076,1909f56bfc062723c751e8b465ee728b)  -> (artifact id: '17e1101c59f58ae325c8fb458ecacd96') in 0.016304 seconds 
========================================================================
Received Import Request.
  Time since last request: 635.672201 seconds.
  path: Assets/Resources/Arissa.prefab
  artifactKey: Guid(99b7e741aae24ed47a4b41869e0f8386) Importer(815301076,1909f56bfc062723c751e8b465ee728b)
Start importing Assets/Resources/Arissa.prefab using Guid(99b7e741aae24ed47a4b41869e0f8386) Importer(815301076,1909f56bfc062723c751e8b465ee728b)  -> (artifact id: '26fe449b6642044759efff5f2626549d') in 0.127903 seconds 
========================================================================
Received Import Request.
  Time since last request: 0.000022 seconds.
  path: Assets/Resources/String.prefab
  artifactKey: Guid(4677a32bbc595b34c8bfa82c46119791) Importer(815301076,1909f56bfc062723c751e8b465ee728b)
Start importing Assets/Resources/String.prefab using Guid(4677a32bbc595b34c8bfa82c46119791) Importer(815301076,1909f56bfc062723c751e8b465ee728b)  -> (artifact id: '0d59dac7a83505a634a4ce5d7e9aaa1c') in 0.006285 seconds 
========================================================================
Received Import Request.
  Time since last request: 29.602086 seconds.
  path: Assets/Resources/String.prefab
  artifactKey: Guid(4677a32bbc595b34c8bfa82c46119791) Importer(815301076,1909f56bfc062723c751e8b465ee728b)
Start importing Assets/Resources/String.prefab using Guid(4677a32bbc595b34c8bfa82c46119791) Importer(815301076,1909f56bfc062723c751e8b465ee728b)  -> (artifact id: '98875be17d88a1cbd624510371a6ed30') in 0.003599 seconds 
========================================================================
Received Import Request.
  Time since last request: 14.065364 seconds.
  path: Assets/Resources/String.prefab
  artifactKey: Guid(4677a32bbc595b34c8bfa82c46119791) Importer(815301076,1909f56bfc062723c751e8b465ee728b)
Start importing Assets/Resources/String.prefab using Guid(4677a32bbc595b34c8bfa82c46119791) Importer(815301076,1909f56bfc062723c751e8b465ee728b)  -> (artifact id: '21472d2a2c855ed743c58ee235f817f6') in 0.003403 seconds 
========================================================================
Received Import Request.
  Time since last request: 7.802799 seconds.
  path: Assets/Resources/String.prefab
  artifactKey: Guid(4677a32bbc595b34c8bfa82c46119791) Importer(815301076,1909f56bfc062723c751e8b465ee728b)
Start importing Assets/Resources/String.prefab using Guid(4677a32bbc595b34c8bfa82c46119791) Importer(815301076,1909f56bfc062723c751e8b465ee728b)  -> (artifact id: '26969996d0a267dd3e6d898f522086b3') in 0.003830 seconds 
========================================================================
Received Import Request.
  Time since last request: 555.557323 seconds.
  path: Assets/Script
  artifactKey: Guid(75e25d01c2aacf64b8eb8f8fd2a8af11) Importer(815301076,1909f56bfc062723c751e8b465ee728b)
Start importing Assets/Script using Guid(75e25d01c2aacf64b8eb8f8fd2a8af11) Importer(815301076,1909f56bfc062723c751e8b465ee728b)  -> (artifact id: 'a73b18bb2e41206a157a4e5d0d0bbf0b') in 0.005597 seconds 
========================================================================
Received Import Request.
  Time since last request: 8.188109 seconds.
  path: Assets/Script/Information.cs
  artifactKey: Guid(ac010e38af02cca4683148bdd864bcfc) Importer(815301076,1909f56bfc062723c751e8b465ee728b)
Start importing Assets/Script/Information.cs using Guid(ac010e38af02cca4683148bdd864bcfc) Importer(815301076,1909f56bfc062723c751e8b465ee728b)  -> (artifact id: 'e82d854679b1c1902a6fc19c112ec577') in 0.005342 seconds 
========================================================================
Received Prepare
Registering precompiled user dll's ...
Registered in 0.005069 seconds.
Begin MonoManager ReloadAssembly
Native extension for WindowsStandalone target not found
Refreshing native plugins compatible for Editor in 0.44 ms, found 2 plugins.
Preloading 0 native plugins for Editor in 0.00 ms.
Mono: successfully reloaded assembly
- Completed reload, in  0.953 seconds
Domain Reload Profiling:
	ReloadAssembly (954ms)
		BeginReloadAssembly (125ms)
			ExecutionOrderSort (0ms)
			DisableScriptedObjects (5ms)
			BackupInstance (0ms)
			ReleaseScriptingObjects (0ms)
			CreateAndSetChildDomain (38ms)
		EndReloadAssembly (733ms)
			LoadAssemblies (73ms)
			RebuildTransferFunctionScriptingTraits (0ms)
			SetupTypeCache (194ms)
			ReleaseScriptCaches (1ms)
			RebuildScriptCaches (34ms)
			SetupLoadedEditorAssemblies (393ms)
				LogAssemblyErrors (0ms)
				InitializePlatformSupportModulesInManaged (10ms)
				SetLoadedEditorAssemblies (0ms)
				RefreshPlugins (0ms)
				BeforeProcessingInitializeOnLoad (50ms)
				ProcessInitializeOnLoadAttributes (295ms)
				ProcessInitializeOnLoadMethodAttributes (30ms)
				AfterProcessingInitializeOnLoad (7ms)
				EditorAssembliesLoaded (0ms)
			ExecutionOrderSort2 (0ms)
			AwakeInstancesAfterBackupRestoration (9ms)
Platform modules already initialized, skipping
Refreshing native plugins compatible for Editor in 1.61 ms, found 2 plugins.
Preloading 0 native plugins for Editor in 0.00 ms.
Unloading 2036 Unused Serialized files (Serialized files now loaded: 0)
Unloading 24 unused Assets / (25.4 KB). Loaded Objects now: 2519.
Memory consumption went from 103.8 MB to 103.8 MB.
Total: 2.166400 ms (FindLiveObjects: 0.151600 ms CreateObjectMapping: 0.067500 ms MarkObjects: 1.923000 ms  DeleteObjects: 0.023700 ms)

AssetImportParameters requested are different than current active one (requested -> active):
  custom:video-decoder-ogg-theora: a1e56fd34408186e4bbccfd4996cb3dc -> 
  custom:container-muxer-webm: aa71ff27fc2769a1b78a27578f13a17b -> 
  custom:container-demuxer-webm: 4f35f7cbe854078d1ac9338744f61a02 -> 
  custom:video-encoder-webm-vp8: eb34c28f22e8b96e1ab97ce403110664 -> 
  custom:audio-encoder-webm-vorbis: bf7c407c2cedff20999df2af8eb42d56 -> 
  custom:framework-win-MediaFoundation: 216162199b28c13a410421893ffa2e32 -> 
  custom:container-demuxer-ogg: 62fdf1f143b41e24485cea50d1cbac27 -> 
  custom:video-decoder-webm-vp8: 9c59270c3fd7afecdb556c50c9e8de78 -> 
  custom:audio-decoder-ogg-vorbis: bf7c407c2cedff20999df2af8eb42d56 -> 
========================================================================
Received Import Request.
  Time since last request: 62.438877 seconds.
  path: Assets/Scenes/Photon Game.unity
  artifactKey: Guid(335483dfb0d1fb648a66dc07270891b3) Importer(815301076,1909f56bfc062723c751e8b465ee728b)
Start importing Assets/Scenes/Photon Game.unity using Guid(335483dfb0d1fb648a66dc07270891b3) Importer(815301076,1909f56bfc062723c751e8b465ee728b)  -> (artifact id: '26b8e0a590496b2c70601aca98e367b4') in 0.009404 seconds 
========================================================================
Received Prepare
Registering precompiled user dll's ...
Registered in 0.004759 seconds.
Begin MonoManager ReloadAssembly
Native extension for WindowsStandalone target not found
Refreshing native plugins compatible for Editor in 0.44 ms, found 2 plugins.
Preloading 0 native plugins for Editor in 0.00 ms.
Mono: successfully reloaded assembly
- Completed reload, in  0.950 seconds
Domain Reload Profiling:
	ReloadAssembly (951ms)
		BeginReloadAssembly (118ms)
			ExecutionOrderSort (0ms)
			DisableScriptedObjects (6ms)
			BackupInstance (0ms)
			ReleaseScriptingObjects (0ms)
			CreateAndSetChildDomain (36ms)
		EndReloadAssembly (750ms)
			LoadAssemblies (71ms)
			RebuildTransferFunctionScriptingTraits (0ms)
			SetupTypeCache (204ms)
			ReleaseScriptCaches (1ms)
			RebuildScriptCaches (34ms)
			SetupLoadedEditorAssemblies (393ms)
				LogAssemblyErrors (0ms)
				InitializePlatformSupportModulesInManaged (11ms)
				SetLoadedEditorAssemblies (0ms)
				RefreshPlugins (0ms)
				BeforeProcessingInitializeOnLoad (47ms)
				ProcessInitializeOnLoadAttributes (302ms)
				ProcessInitializeOnLoadMethodAttributes (28ms)
				AfterProcessingInitializeOnLoad (6ms)
				EditorAssembliesLoaded (0ms)
			ExecutionOrderSort2 (0ms)
			AwakeInstancesAfterBackupRestoration (7ms)
Platform modules already initialized, skipping
Refreshing native plugins compatible for Editor in 1.44 ms, found 2 plugins.
Preloading 0 native plugins for Editor in 0.00 ms.
Unloading 2036 Unused Serialized files (Serialized files now loaded: 0)
Unloading 23 unused Assets / (24.6 KB). Loaded Objects now: 2524.
Memory consumption went from 103.8 MB to 103.8 MB.
Total: 2.479200 ms (FindLiveObjects: 0.230800 ms CreateObjectMapping: 0.086800 ms MarkObjects: 2.134600 ms  DeleteObjects: 0.025800 ms)

AssetImportParameters requested are different than current active one (requested -> active):
  custom:video-decoder-ogg-theora: a1e56fd34408186e4bbccfd4996cb3dc -> 
  custom:container-muxer-webm: aa71ff27fc2769a1b78a27578f13a17b -> 
  custom:container-demuxer-webm: 4f35f7cbe854078d1ac9338744f61a02 -> 
  custom:video-encoder-webm-vp8: eb34c28f22e8b96e1ab97ce403110664 -> 
  custom:audio-encoder-webm-vorbis: bf7c407c2cedff20999df2af8eb42d56 -> 
  custom:framework-win-MediaFoundation: 216162199b28c13a410421893ffa2e32 -> 
  custom:container-demuxer-ogg: 62fdf1f143b41e24485cea50d1cbac27 -> 
  custom:video-decoder-webm-vp8: 9c59270c3fd7afecdb556c50c9e8de78 -> 
  custom:audio-decoder-ogg-vorbis: bf7c407c2cedff20999df2af8eb42d56 -> 
========================================================================
Received Import Request.
  Time since last request: 201.191726 seconds.
  path: Assets/Scenes/Photon Setting.unity
  artifactKey: Guid(9fc0d4010bbf28b4594072e72b8655ab) Importer(815301076,1909f56bfc062723c751e8b465ee728b)
Start importing Assets/Scenes/Photon Setting.unity using Guid(9fc0d4010bbf28b4594072e72b8655ab) Importer(815301076,1909f56bfc062723c751e8b465ee728b)  -> (artifact id: '39716ead23bc912dc89b3206a1d1b2e9') in 0.008337 seconds 
========================================================================
Received Prepare
Registering precompiled user dll's ...
Registered in 0.004671 seconds.
Begin MonoManager ReloadAssembly
Native extension for WindowsStandalone target not found
Refreshing native plugins compatible for Editor in 0.45 ms, found 2 plugins.
Preloading 0 native plugins for Editor in 0.00 ms.
Mono: successfully reloaded assembly
- Completed reload, in  0.930 seconds
Domain Reload Profiling:
	ReloadAssembly (931ms)
		BeginReloadAssembly (117ms)
			ExecutionOrderSort (0ms)
			DisableScriptedObjects (7ms)
			BackupInstance (0ms)
			ReleaseScriptingObjects (0ms)
			CreateAndSetChildDomain (34ms)
		EndReloadAssembly (731ms)
			LoadAssemblies (70ms)
			RebuildTransferFunctionScriptingTraits (0ms)
			SetupTypeCache (183ms)
			ReleaseScriptCaches (1ms)
			RebuildScriptCaches (34ms)
			SetupLoadedEditorAssemblies (403ms)
				LogAssemblyErrors (0ms)
				InitializePlatformSupportModulesInManaged (12ms)
				SetLoadedEditorAssemblies (0ms)
				RefreshPlugins (1ms)
				BeforeProcessingInitializeOnLoad (49ms)
				ProcessInitializeOnLoadAttributes (307ms)
				ProcessInitializeOnLoadMethodAttributes (28ms)
				AfterProcessingInitializeOnLoad (6ms)
				EditorAssembliesLoaded (0ms)
			ExecutionOrderSort2 (0ms)
			AwakeInstancesAfterBackupRestoration (6ms)
Platform modules already initialized, skipping
Refreshing native plugins compatible for Editor in 1.47 ms, found 2 plugins.
Preloading 0 native plugins for Editor in 0.00 ms.
Unloading 2036 Unused Serialized files (Serialized files now loaded: 0)
Unloading 23 unused Assets / (24.7 KB). Loaded Objects now: 2529.
Memory consumption went from 103.8 MB to 103.8 MB.
Total: 2.211000 ms (FindLiveObjects: 0.152500 ms CreateObjectMapping: 0.066700 ms MarkObjects: 1.973200 ms  DeleteObjects: 0.017800 ms)

AssetImportParameters requested are different than current active one (requested -> active):
  custom:video-decoder-ogg-theora: a1e56fd34408186e4bbccfd4996cb3dc -> 
  custom:container-muxer-webm: aa71ff27fc2769a1b78a27578f13a17b -> 
  custom:container-demuxer-webm: 4f35f7cbe854078d1ac9338744f61a02 -> 
  custom:video-encoder-webm-vp8: eb34c28f22e8b96e1ab97ce403110664 -> 
  custom:audio-encoder-webm-vorbis: bf7c407c2cedff20999df2af8eb42d56 -> 
  custom:framework-win-MediaFoundation: 216162199b28c13a410421893ffa2e32 -> 
  custom:container-demuxer-ogg: 62fdf1f143b41e24485cea50d1cbac27 -> 
  custom:video-decoder-webm-vp8: 9c59270c3fd7afecdb556c50c9e8de78 -> 
  custom:audio-decoder-ogg-vorbis: bf7c407c2cedff20999df2af8eb42d56 -> 
========================================================================
Received Import Request.
  Time since last request: 73.634064 seconds.
  path: Assets/Scenes/Photon Room.unity
  artifactKey: Guid(690c517bf34cf6740b8d1109114b9517) Importer(815301076,1909f56bfc062723c751e8b465ee728b)
Start importing Assets/Scenes/Photon Room.unity using Guid(690c517bf34cf6740b8d1109114b9517) Importer(815301076,1909f56bfc062723c751e8b465ee728b)  -> (artifact id: '648f88a505acd90247d64a9d67b13995') in 0.008505 seconds 
========================================================================
Received Import Request.
  Time since last request: 457.092804 seconds.
  path: Assets/Script/Information.cs
  artifactKey: Guid(ac010e38af02cca4683148bdd864bcfc) Importer(815301076,1909f56bfc062723c751e8b465ee728b)
Start importing Assets/Script/Information.cs using Guid(ac010e38af02cca4683148bdd864bcfc) Importer(815301076,1909f56bfc062723c751e8b465ee728b)  -> (artifact id: '51fd0b7761e84282aaa4057a42e4a35c') in 0.001849 seconds 
========================================================================
Received Prepare
Registering precompiled user dll's ...
Registered in 0.004918 seconds.
Begin MonoManager ReloadAssembly
Native extension for WindowsStandalone target not found
Refreshing native plugins compatible for Editor in 0.48 ms, found 2 plugins.
Preloading 0 native plugins for Editor in 0.00 ms.
Mono: successfully reloaded assembly
- Completed reload, in  0.946 seconds
Domain Reload Profiling:
	ReloadAssembly (947ms)
		BeginReloadAssembly (118ms)
			ExecutionOrderSort (0ms)
			DisableScriptedObjects (6ms)
			BackupInstance (0ms)
			ReleaseScriptingObjects (0ms)
			CreateAndSetChildDomain (34ms)
		EndReloadAssembly (748ms)
			LoadAssemblies (70ms)
			RebuildTransferFunctionScriptingTraits (0ms)
			SetupTypeCache (200ms)
			ReleaseScriptCaches (1ms)
			RebuildScriptCaches (33ms)
			SetupLoadedEditorAssemblies (409ms)
				LogAssemblyErrors (0ms)
				InitializePlatformSupportModulesInManaged (10ms)
				SetLoadedEditorAssemblies (0ms)
				RefreshPlugins (1ms)
				BeforeProcessingInitializeOnLoad (53ms)
				ProcessInitializeOnLoadAttributes (312ms)
				ProcessInitializeOnLoadMethodAttributes (27ms)
				AfterProcessingInitializeOnLoad (6ms)
				EditorAssembliesLoaded (0ms)
			ExecutionOrderSort2 (0ms)
			AwakeInstancesAfterBackupRestoration (6ms)
Platform modules already initialized, skipping
Refreshing native plugins compatible for Editor in 1.39 ms, found 2 plugins.
Preloading 0 native plugins for Editor in 0.00 ms.
Unloading 2036 Unused Serialized files (Serialized files now loaded: 0)
Unloading 23 unused Assets / (25.7 KB). Loaded Objects now: 2534.
Memory consumption went from 103.8 MB to 103.8 MB.
Total: 2.175600 ms (FindLiveObjects: 0.168900 ms CreateObjectMapping: 0.084500 ms MarkObjects: 1.902100 ms  DeleteObjects: 0.019300 ms)

AssetImportParameters requested are different than current active one (requested -> active):
  custom:video-decoder-ogg-theora: a1e56fd34408186e4bbccfd4996cb3dc -> 
  custom:container-muxer-webm: aa71ff27fc2769a1b78a27578f13a17b -> 
  custom:container-demuxer-webm: 4f35f7cbe854078d1ac9338744f61a02 -> 
  custom:video-encoder-webm-vp8: eb34c28f22e8b96e1ab97ce403110664 -> 
  custom:audio-encoder-webm-vorbis: bf7c407c2cedff20999df2af8eb42d56 -> 
  custom:framework-win-MediaFoundation: 216162199b28c13a410421893ffa2e32 -> 
  custom:container-demuxer-ogg: 62fdf1f143b41e24485cea50d1cbac27 -> 
  custom:video-decoder-webm-vp8: 9c59270c3fd7afecdb556c50c9e8de78 -> 
  custom:audio-decoder-ogg-vorbis: bf7c407c2cedff20999df2af8eb42d56 -> 
========================================================================
Received Import Request.
  Time since last request: 71.841401 seconds.
  path: Assets/Resources/Room.prefab
  artifactKey: Guid(383395140de96fe4dbb8ff81e78f7577) Importer(815301076,1909f56bfc062723c751e8b465ee728b)
Start importing Assets/Resources/Room.prefab using Guid(383395140de96fe4dbb8ff81e78f7577) Importer(815301076,1909f56bfc062723c751e8b465ee728b)  -> (artifact id: '927088087215e985e66ff6dfde59c900') in 0.038306 seconds 
========================================================================
Received Import Request.
  Time since last request: 18.926131 seconds.
  path: Assets/Script/RoomManager.cs
  artifactKey: Guid(412554c55f73c5143a7b4ffa24e1493c) Importer(815301076,1909f56bfc062723c751e8b465ee728b)
Start importing Assets/Script/RoomManager.cs using Guid(412554c55f73c5143a7b4ffa24e1493c) Importer(815301076,1909f56bfc062723c751e8b465ee728b)  -> (artifact id: 'ee8e5db51b7a6d54d912a565864dea2e') in 0.004337 seconds 
========================================================================
Received Import Request.
  Time since last request: 1036.105042 seconds.
  path: Assets/Animation/Arissa@Taunt.fbx
  artifactKey: Guid(3f0e98ac4f6293b44aa4adf765603df8) Importer(815301076,1909f56bfc062723c751e8b465ee728b)
Start importing Assets/Animation/Arissa@Taunt.fbx using Guid(3f0e98ac4f6293b44aa4adf765603df8) Importer(815301076,1909f56bfc062723c751e8b465ee728b)  -> (artifact id: '69281ef0fcdf40bb456f69be55d4d6a2') in 0.013597 seconds 
========================================================================
Received Import Request.
  Time since last request: 7.769608 seconds.
  path: Assets/Animation/Bee Move.FBX
  artifactKey: Guid(22bf94d2c172382488c9f6feb70372bb) Importer(815301076,1909f56bfc062723c751e8b465ee728b)
Start importing Assets/Animation/Bee Move.FBX using Guid(22bf94d2c172382488c9f6feb70372bb) Importer(815301076,1909f56bfc062723c751e8b465ee728b)  -> (artifact id: 'dde21dfe25f0042904b245841166a256') in 0.083507 seconds 
========================================================================
Received Import Request.
  Time since last request: 51.648343 seconds.
  path: Assets/Animator/Bee Animator Controller.controller
  artifactKey: Guid(ca75908702ff2b8449d4bd4c14e59c17) Importer(815301076,1909f56bfc062723c751e8b465ee728b)
Start importing Assets/Animator/Bee Animator Controller.controller using Guid(ca75908702ff2b8449d4bd4c14e59c17) Importer(815301076,1909f56bfc062723c751e8b465ee728b)  -> (artifact id: '5abb2bea3df62df5f844bd5411ca77f1') in 0.006933 seconds 
========================================================================
Received Prepare
Registering precompiled user dll's ...
Registered in 0.004651 seconds.
Begin MonoManager ReloadAssembly
Native extension for WindowsStandalone target not found
Refreshing native plugins compatible for Editor in 0.43 ms, found 2 plugins.
Preloading 0 native plugins for Editor in 0.00 ms.
Mono: successfully reloaded assembly
- Completed reload, in  0.887 seconds
Domain Reload Profiling:
	ReloadAssembly (887ms)
		BeginReloadAssembly (118ms)
			ExecutionOrderSort (0ms)
			DisableScriptedObjects (4ms)
			BackupInstance (0ms)
			ReleaseScriptingObjects (0ms)
			CreateAndSetChildDomain (37ms)
		EndReloadAssembly (688ms)
			LoadAssemblies (70ms)
			RebuildTransferFunctionScriptingTraits (0ms)
			SetupTypeCache (182ms)
			ReleaseScriptCaches (1ms)
			RebuildScriptCaches (34ms)
			SetupLoadedEditorAssemblies (366ms)
				LogAssemblyErrors (0ms)
				InitializePlatformSupportModulesInManaged (10ms)
				SetLoadedEditorAssemblies (0ms)
				RefreshPlugins (0ms)
				BeforeProcessingInitializeOnLoad (45ms)
				ProcessInitializeOnLoadAttributes (278ms)
				ProcessInitializeOnLoadMethodAttributes (26ms)
				AfterProcessingInitializeOnLoad (6ms)
				EditorAssembliesLoaded (0ms)
			ExecutionOrderSort2 (0ms)
			AwakeInstancesAfterBackupRestoration (6ms)
Platform modules already initialized, skipping
Refreshing native plugins compatible for Editor in 1.43 ms, found 2 plugins.
Preloading 0 native plugins for Editor in 0.00 ms.
Unloading 2036 Unused Serialized files (Serialized files now loaded: 0)
Unloading 24 unused Assets / (25.4 KB). Loaded Objects now: 2575.
Memory consumption went from 104.1 MB to 104.1 MB.
Total: 2.290500 ms (FindLiveObjects: 0.164100 ms CreateObjectMapping: 0.067800 ms MarkObjects: 2.036000 ms  DeleteObjects: 0.021900 ms)

AssetImportParameters requested are different than current active one (requested -> active):
  custom:video-decoder-ogg-theora: a1e56fd34408186e4bbccfd4996cb3dc -> 
  custom:container-muxer-webm: aa71ff27fc2769a1b78a27578f13a17b -> 
  custom:container-demuxer-webm: 4f35f7cbe854078d1ac9338744f61a02 -> 
  custom:video-encoder-webm-vp8: eb34c28f22e8b96e1ab97ce403110664 -> 
  custom:audio-encoder-webm-vorbis: bf7c407c2cedff20999df2af8eb42d56 -> 
  custom:framework-win-MediaFoundation: 216162199b28c13a410421893ffa2e32 -> 
  custom:container-demuxer-ogg: 62fdf1f143b41e24485cea50d1cbac27 -> 
  custom:video-decoder-webm-vp8: 9c59270c3fd7afecdb556c50c9e8de78 -> 
  custom:audio-decoder-ogg-vorbis: bf7c407c2cedff20999df2af8eb42d56 -> 
========================================================================
Received Import Request.
  Time since last request: 67.050971 seconds.
  path: Assets/Script/CharacterSystem.cs
  artifactKey: Guid(08f54d3844bfb1c468cdceea0e906ba0) Importer(815301076,1909f56bfc062723c751e8b465ee728b)
Start importing Assets/Script/CharacterSystem.cs using Guid(08f54d3844bfb1c468cdceea0e906ba0) Importer(815301076,1909f56bfc062723c751e8b465ee728b)  -> (artifact id: '902088f1f87af2fc8c581d6887e981c0') in 0.007566 seconds 
========================================================================
Received Import Request.
  Time since last request: 950.518223 seconds.
  path: Assets/Script/CharacterSystem.cs
  artifactKey: Guid(08f54d3844bfb1c468cdceea0e906ba0) Importer(815301076,1909f56bfc062723c751e8b465ee728b)
Start importing Assets/Script/CharacterSystem.cs using Guid(08f54d3844bfb1c468cdceea0e906ba0) Importer(815301076,1909f56bfc062723c751e8b465ee728b)  -> (artifact id: 'b88c035d732a9e8f2be39a85dfecd01a') in 0.002060 seconds 
========================================================================
Received Import Request.
  Time since last request: 838.564675 seconds.
  path: Assets/Scenes/Photon Game.unity
  artifactKey: Guid(335483dfb0d1fb648a66dc07270891b3) Importer(815301076,1909f56bfc062723c751e8b465ee728b)
Start importing Assets/Scenes/Photon Game.unity using Guid(335483dfb0d1fb648a66dc07270891b3) Importer(815301076,1909f56bfc062723c751e8b465ee728b)  -> (artifact id: '4b509074ccfca9963b119718b0e62de7') in 0.001656 seconds 
========================================================================
Received Import Request.
  Time since last request: 278.220360 seconds.
  path: Assets/Resources/Arissa.prefab
  artifactKey: Guid(99b7e741aae24ed47a4b41869e0f8386) Importer(815301076,1909f56bfc062723c751e8b465ee728b)
Start importing Assets/Resources/Arissa.prefab using Guid(99b7e741aae24ed47a4b41869e0f8386) Importer(815301076,1909f56bfc062723c751e8b465ee728b)  -> (artifact id: '93d439555321c694e96378b651a120f3') in 0.111186 seconds 
========================================================================
Received Import Request.
  Time since last request: 189.058967 seconds.
  path: Assets/Script/Bilboard.cs
  artifactKey: Guid(46e34192e06bd514888e6ac1a9a74401) Importer(815301076,1909f56bfc062723c751e8b465ee728b)
Start importing Assets/Script/Bilboard.cs using Guid(46e34192e06bd514888e6ac1a9a74401) Importer(815301076,1909f56bfc062723c751e8b465ee728b)  -> (artifact id: '32c70e333ec50ae4b7c631330a7f53f8') in 0.005686 seconds 
========================================================================
Received Import Request.
  Time since last request: 361.739304 seconds.
  path: Assets/Scenes/Photon Room.unity
  artifactKey: Guid(690c517bf34cf6740b8d1109114b9517) Importer(815301076,1909f56bfc062723c751e8b465ee728b)
Start importing Assets/Scenes/Photon Room.unity using Guid(690c517bf34cf6740b8d1109114b9517) Importer(815301076,1909f56bfc062723c751e8b465ee728b)  -> (artifact id: '70a07526d6ebd69e99bf161f36214970') in 0.002024 seconds 
========================================================================
Received Import Request.
  Time since last request: 232.613273 seconds.
  path: Assets/Script/RoomManager.cs
  artifactKey: Guid(412554c55f73c5143a7b4ffa24e1493c) Importer(815301076,1909f56bfc062723c751e8b465ee728b)
Start importing Assets/Script/RoomManager.cs using Guid(412554c55f73c5143a7b4ffa24e1493c) Importer(815301076,1909f56bfc062723c751e8b465ee728b)  -> (artifact id: '64b424595fce0c2ef230c22372d00a1f') in 0.005679 seconds 
